[looklook/admin]2022/02/12 - 16:59:30.627	[35mdebug[0m	/Users/seven/Developer/goenv/go-zero-looklook/admin/utils/directory.go:44	create directoryautocode_template/server/banner/api
[looklook/admin]2022/02/12 - 16:59:30.628	[35mdebug[0m	/Users/seven/Developer/goenv/go-zero-looklook/admin/utils/directory.go:44	create directoryautocode_template/server/banner/model
[looklook/admin]2022/02/12 - 16:59:30.628	[35mdebug[0m	/Users/seven/Developer/goenv/go-zero-looklook/admin/utils/directory.go:44	create directoryautocode_template/server/banner/request
[looklook/admin]2022/02/12 - 16:59:30.628	[35mdebug[0m	/Users/seven/Developer/goenv/go-zero-looklook/admin/utils/directory.go:44	create directoryautocode_template/server/banner/router
[looklook/admin]2022/02/12 - 16:59:30.628	[35mdebug[0m	/Users/seven/Developer/goenv/go-zero-looklook/admin/utils/directory.go:44	create directoryautocode_template/server/banner/service
[looklook/admin]2022/02/12 - 16:59:30.628	[35mdebug[0m	/Users/seven/Developer/goenv/go-zero-looklook/admin/utils/directory.go:44	create directoryautocode_template/web/banner/api
[looklook/admin]2022/02/12 - 16:59:30.628	[35mdebug[0m	/Users/seven/Developer/goenv/go-zero-looklook/admin/utils/directory.go:44	create directoryautocode_template/web/banner/form
[looklook/admin]2022/02/12 - 16:59:30.628	[35mdebug[0m	/Users/seven/Developer/goenv/go-zero-looklook/admin/utils/directory.go:44	create directoryautocode_template/web/banner/table
[looklook/admin]2022/02/12 - 17:02:58.076	[35mdebug[0m	/Users/seven/Developer/goenv/go-zero-looklook/admin/utils/directory.go:44	create directoryautocode_template/server/banner/api
[looklook/admin]2022/02/12 - 17:02:58.076	[35mdebug[0m	/Users/seven/Developer/goenv/go-zero-looklook/admin/utils/directory.go:44	create directoryautocode_template/server/banner/model
[looklook/admin]2022/02/12 - 17:02:58.076	[35mdebug[0m	/Users/seven/Developer/goenv/go-zero-looklook/admin/utils/directory.go:44	create directoryautocode_template/server/banner/request
[looklook/admin]2022/02/12 - 17:02:58.076	[35mdebug[0m	/Users/seven/Developer/goenv/go-zero-looklook/admin/utils/directory.go:44	create directoryautocode_template/server/banner/router
[looklook/admin]2022/02/12 - 17:02:58.076	[35mdebug[0m	/Users/seven/Developer/goenv/go-zero-looklook/admin/utils/directory.go:44	create directoryautocode_template/server/banner/service
[looklook/admin]2022/02/12 - 17:02:58.076	[35mdebug[0m	/Users/seven/Developer/goenv/go-zero-looklook/admin/utils/directory.go:44	create directoryautocode_template/web/banner/api
[looklook/admin]2022/02/12 - 17:02:58.076	[35mdebug[0m	/Users/seven/Developer/goenv/go-zero-looklook/admin/utils/directory.go:44	create directoryautocode_template/web/banner/form
[looklook/admin]2022/02/12 - 17:02:58.076	[35mdebug[0m	/Users/seven/Developer/goenv/go-zero-looklook/admin/utils/directory.go:44	create directoryautocode_template/web/banner/table
[looklook/admin]2022/02/12 - 17:07:50.607	[35mdebug[0m	/Users/seven/Developer/goenv/go-zero-looklook/admin/utils/directory.go:44	create directoryautocode_template/server/banner/api
[looklook/admin]2022/02/12 - 17:07:50.618	[35mdebug[0m	/Users/seven/Developer/goenv/go-zero-looklook/admin/utils/directory.go:44	create directoryautocode_template/server/banner/model
[looklook/admin]2022/02/12 - 17:07:50.618	[35mdebug[0m	/Users/seven/Developer/goenv/go-zero-looklook/admin/utils/directory.go:44	create directoryautocode_template/server/banner/request
[looklook/admin]2022/02/12 - 17:07:50.618	[35mdebug[0m	/Users/seven/Developer/goenv/go-zero-looklook/admin/utils/directory.go:44	create directoryautocode_template/server/banner/router
[looklook/admin]2022/02/12 - 17:07:50.618	[35mdebug[0m	/Users/seven/Developer/goenv/go-zero-looklook/admin/utils/directory.go:44	create directoryautocode_template/server/banner/service
[looklook/admin]2022/02/12 - 17:07:50.618	[35mdebug[0m	/Users/seven/Developer/goenv/go-zero-looklook/admin/utils/directory.go:44	create directoryautocode_template/web/banner/api
[looklook/admin]2022/02/12 - 17:07:50.618	[35mdebug[0m	/Users/seven/Developer/goenv/go-zero-looklook/admin/utils/directory.go:44	create directoryautocode_template/web/banner/form
[looklook/admin]2022/02/12 - 17:07:50.618	[35mdebug[0m	/Users/seven/Developer/goenv/go-zero-looklook/admin/utils/directory.go:44	create directoryautocode_template/web/banner/table
